<?xml version="1.0" encoding="UTF-8"?>
<!-- Generated by org.testng.reporters.JUnitReportReporter -->
<testsuite hostname="DESKTOP-J2MCQGD" failures="0" tests="1" name="scripts.Addthecoursetocart" time="46.754" errors="0" timestamp="2021-06-13T09:21:03 IST" skipped="0">
  <testcase classname="scripts.Addthecoursetocart" name="addtocart" time="46.754"/>
</testsuite> <!-- scripts.Addthecoursetocart -->
