<?xml version="1.0" encoding="UTF-8"?>
<!-- Generated by org.testng.reporters.JUnitReportReporter -->
<testsuite hostname="DESKTOP-J2MCQGD" failures="0" tests="1" name="scripts.Addthecoursetocart" time="46.103" errors="0" timestamp="2021-08-06T08:11:09 IST" skipped="0">
  <testcase classname="scripts.Addthecoursetocart" name="addtocart" time="46.103"/>
</testsuite> <!-- scripts.Addthecoursetocart -->
