<?xml version="1.0" encoding="UTF-8"?>
<!-- Generated by org.testng.reporters.JUnitReportReporter -->
<testsuite hostname="DESKTOP-J2MCQGD" failures="0" tests="1" name="scripts.Addthecoursetocart" time="18.142" errors="0" timestamp="2021-06-07T15:40:27 IST" skipped="0">
  <testcase classname="scripts.Addthecoursetocart" name="addtocart" time="18.142"/>
</testsuite> <!-- scripts.Addthecoursetocart -->
